This is pdfTeX, Version 3.141592653-2.6-1.40.23 (TeX Live 2021/W32TeX) (preloaded format=pdflatex 2021.9.7)  29 SEP 2021 16:12
entering extended mode
 restricted \write18 enabled.
 %&-line parsing enabled.
**SIOPjdr.tex
(./SIOPjdr.tex
LaTeX2e <2021-06-01> patch level 1
L3 programming layer <2021-08-27> (c:/Users/kulasj/AppData/Roaming/TinyTeX/texm
f-dist/tex/latex/apa6/apa6.cls
Document Class: apa6 2020/01/13 v2.34 APA formatting (6th edition)
(c:/Users/kulasj/AppData/Roaming/TinyTeX/texmf-dist/tex/latex/base/article.cls
Document Class: article 2021/02/12 v1.4n Standard LaTeX document class
(c:/Users/kulasj/AppData/Roaming/TinyTeX/texmf-dist/tex/latex/base/size12.clo
File: size12.clo 2021/02/12 v1.4n Standard LaTeX file (size option)
)
\c@part=\count182
\c@section=\count183
\c@subsection=\count184
\c@subsubsection=\count185
\c@paragraph=\count186
\c@subparagraph=\count187
\c@figure=\count188
\c@table=\count189
\abovecaptionskip=\skip47
\belowcaptionskip=\skip48
\bibindent=\dimen138
)
(c:/Users/kulasj/AppData/Roaming/TinyTeX/texmf-dist/tex/latex/etoolbox/etoolbox
.sty
Package: etoolbox 2020/10/05 v2.5k e-TeX tools for LaTeX (JAW)
\etb@tempcnta=\count190
)
Class apa6 Info: No bibliography package was specified; defaulting to (but not 
loading) Biblatex on input line 213.
(c:/Users/kulasj/AppData/Roaming/TinyTeX/texmf-dist/tex/latex/lm/lmodern.sty
Package: lmodern 2015/05/01 v1.6.1 Latin Modern Fonts
LaTeX Font Info:    Overwriting symbol font `operators' in version `normal'
(Font)                  OT1/cmr/m/n --> OT1/lmr/m/n on input line 22.
LaTeX Font Info:    Overwriting symbol font `letters' in version `normal'
(Font)                  OML/cmm/m/it --> OML/lmm/m/it on input line 23.
LaTeX Font Info:    Overwriting symbol font `symbols' in version `normal'
(Font)                  OMS/cmsy/m/n --> OMS/lmsy/m/n on input line 24.
LaTeX Font Info:    Overwriting symbol font `largesymbols' in version `normal'
(Font)                  OMX/cmex/m/n --> OMX/lmex/m/n on input line 25.
LaTeX Font Info:    Overwriting symbol font `operators' in version `bold'
(Font)                  OT1/cmr/bx/n --> OT1/lmr/bx/n on input line 26.
LaTeX Font Info:    Overwriting symbol font `letters' in version `bold'
(Font)                  OML/cmm/b/it --> OML/lmm/b/it on input line 27.
LaTeX Font Info:    Overwriting symbol font `symbols' in version `bold'
(Font)                  OMS/cmsy/b/n --> OMS/lmsy/b/n on input line 28.
LaTeX Font Info:    Overwriting symbol font `largesymbols' in version `bold'
(Font)                  OMX/cmex/m/n --> OMX/lmex/m/n on input line 29.
LaTeX Font Info:    Overwriting math alphabet `\mathbf' in version `normal'
(Font)                  OT1/cmr/bx/n --> OT1/lmr/bx/n on input line 31.
LaTeX Font Info:    Overwriting math alphabet `\mathsf' in version `normal'
(Font)                  OT1/cmss/m/n --> OT1/lmss/m/n on input line 32.
LaTeX Font Info:    Overwriting math alphabet `\mathit' in version `normal'
(Font)                  OT1/cmr/m/it --> OT1/lmr/m/it on input line 33.
LaTeX Font Info:    Overwriting math alphabet `\mathtt' in version `normal'
(Font)                  OT1/cmtt/m/n --> OT1/lmtt/m/n on input line 34.
LaTeX Font Info:    Overwriting math alphabet `\mathbf' in version `bold'
(Font)                  OT1/cmr/bx/n --> OT1/lmr/bx/n on input line 35.
LaTeX Font Info:    Overwriting math alphabet `\mathsf' in version `bold'
(Font)                  OT1/cmss/bx/n --> OT1/lmss/bx/n on input line 36.
LaTeX Font Info:    Overwriting math alphabet `\mathit' in version `bold'
(Font)                  OT1/cmr/bx/it --> OT1/lmr/bx/it on input line 37.
LaTeX Font Info:    Overwriting math alphabet `\mathtt' in version `bold'
(Font)                  OT1/cmtt/m/n --> OT1/lmtt/m/n on input line 38.
) (c:/Users/kulasj/AppData/Roaming/TinyTeX/texmf-dist/tex/latex/base/fontenc.st
y
Package: fontenc 2021/04/29 v2.0v Standard LaTeX package
LaTeX Font Info:    Trying to load font information for T1+lmr on input line 11
2.
(c:/Users/kulasj/AppData/Roaming/TinyTeX/texmf-dist/tex/latex/lm/t1lmr.fd
File: t1lmr.fd 2015/05/01 v1.6.1 Font defs for Latin Modern
))
(c:/Users/kulasj/AppData/Roaming/TinyTeX/texmf-dist/tex/latex/geometry/geometry
.sty
Package: geometry 2020/01/02 v5.9 Page Geometry

(c:/Users/kulasj/AppData/Roaming/TinyTeX/texmf-dist/tex/latex/graphics/keyval.s
ty
Package: keyval 2014/10/28 v1.15 key=value parser (DPC)
\KV@toks@=\toks16
)
(c:/Users/kulasj/AppData/Roaming/TinyTeX/texmf-dist/tex/generic/iftex/ifvtex.st
y
Package: ifvtex 2019/10/25 v1.7 ifvtex legacy package. Use iftex instead.

(c:/Users/kulasj/AppData/Roaming/TinyTeX/texmf-dist/tex/generic/iftex/iftex.sty
Package: iftex 2020/03/06 v1.0d TeX engine tests
))
\Gm@cnth=\count191
\Gm@cntv=\count192
\c@Gm@tempcnt=\count193
\Gm@bindingoffset=\dimen139
\Gm@wd@mp=\dimen140
\Gm@odd@mp=\dimen141
\Gm@even@mp=\dimen142
\Gm@layoutwidth=\dimen143
\Gm@layoutheight=\dimen144
\Gm@layouthoffset=\dimen145
\Gm@layoutvoffset=\dimen146
\Gm@dimlist=\toks17
)
(c:/Users/kulasj/AppData/Roaming/TinyTeX/texmf-dist/tex/latex/graphics/graphicx
.sty
Package: graphicx 2020/12/05 v1.2c Enhanced LaTeX Graphics (DPC,SPQR)

(c:/Users/kulasj/AppData/Roaming/TinyTeX/texmf-dist/tex/latex/graphics/graphics
.sty
Package: graphics 2021/03/04 v1.4d Standard LaTeX Graphics (DPC,SPQR)

(c:/Users/kulasj/AppData/Roaming/TinyTeX/texmf-dist/tex/latex/graphics/trig.sty
Package: trig 2016/01/03 v1.10 sin cos tan (DPC)
)
(c:/Users/kulasj/AppData/Roaming/TinyTeX/texmf-dist/tex/latex/graphics-cfg/grap
hics.cfg
File: graphics.cfg 2016/06/04 v1.11 sample graphics configuration
)
Package graphics Info: Driver file: pdftex.def on input line 107.

(c:/Users/kulasj/AppData/Roaming/TinyTeX/texmf-dist/tex/latex/graphics-def/pdft
ex.def
File: pdftex.def 2020/10/05 v1.2a Graphics/color driver for pdftex
))
\Gin@req@height=\dimen147
\Gin@req@width=\dimen148
)
(c:/Users/kulasj/AppData/Roaming/TinyTeX/texmf-dist/tex/latex/booktabs/booktabs
.sty
Package: booktabs 2020/01/12 v1.61803398 Publication quality tables
\heavyrulewidth=\dimen149
\lightrulewidth=\dimen150
\cmidrulewidth=\dimen151
\belowrulesep=\dimen152
\belowbottomsep=\dimen153
\aboverulesep=\dimen154
\abovetopsep=\dimen155
\cmidrulesep=\dimen156
\cmidrulekern=\dimen157
\defaultaddspace=\dimen158
\@cmidla=\count194
\@cmidlb=\count195
\@aboverulesep=\dimen159
\@belowrulesep=\dimen160
\@thisruleclass=\count196
\@lastruleclass=\count197
\@thisrulewidth=\dimen161
)
(c:/Users/kulasj/AppData/Roaming/TinyTeX/texmf-dist/tex/latex/threeparttable/th
reeparttable.sty
Package: threeparttable 2003/06/13  v 3.0
\@tempboxb=\box50
)
\b@level@one@skip=\skip49
\e@level@one@skip=\skip50
\b@level@two@skip=\skip51
\e@level@two@skip=\skip52
\b@level@three@skip=\skip53
\e@level@three@skip=\skip54
\b@level@four@skip=\skip55
\e@level@four@skip=\skip56
\b@level@five@skip=\skip57
\e@level@five@skip=\skip58

(c:/Users/kulasj/AppData/Roaming/TinyTeX/texmf-dist/tex/latex/caption/caption.s
ty
Package: caption 2020/10/26 v3.5g Customizing captions (AR)

(c:/Users/kulasj/AppData/Roaming/TinyTeX/texmf-dist/tex/latex/caption/caption3.
sty
Package: caption3 2020/10/21 v2.2e caption3 kernel (AR)
\captionmargin=\dimen162
\captionmargin@=\dimen163
\captionwidth=\dimen164
\caption@tempdima=\dimen165
\caption@indent=\dimen166
\caption@parindent=\dimen167
\caption@hangindent=\dimen168
Package caption Info: Standard document class detected.
)
\c@caption@flags=\count198
\c@continuedfloat=\count199
Package caption Info: threeparttable package is loaded.
)
\c@APAenum=\count266
\@text@par@indent=\skip59
\gr@box=\box51
\gr@boxwidth=\skip60
\gr@boxheight=\skip61
(c:/Users/kulasj/AppData/Roaming/TinyTeX/texmf-dist/tex/latex/tools/bm.sty
Package: bm 2021/04/25 v1.2e Bold Symbol Support (DPC/FMi)
\symboldoperators=\mathgroup4
\symboldletters=\mathgroup5
\symboldsymbols=\mathgroup6
Package bm Info: No bold for \OMX/lmex/m/n, using \pmb.
LaTeX Font Info:    Redeclaring math alphabet \mathbf on input line 149.
)
\c@appendix=\count267

(c:/Users/kulasj/AppData/Roaming/TinyTeX/texmf-dist/tex/latex/fancyhdr/fancyhdr
.sty
Package: fancyhdr 2021/01/28 v4.0.1 Extensive control of page headers and foote
rs
\f@nch@headwidth=\skip62
\f@nch@O@elh=\skip63
\f@nch@O@erh=\skip64
\f@nch@O@olh=\skip65
\f@nch@O@orh=\skip66
\f@nch@O@elf=\skip67
\f@nch@O@erf=\skip68
\f@nch@O@olf=\skip69
\f@nch@O@orf=\skip70
)
(c:/Users/kulasj/AppData/Roaming/TinyTeX/texmf-dist/tex/latex/endfloat/endfloat
.sty
Package: endfloat 2019/04/15 v2.7 LaTeX2e package puts figures and tables at en
d (jdm)
\c@posttable=\count268
\efloat@postttt=\write3
\@ef@tttopen=\count269
\c@postfigure=\count270
\efloat@postfff=\write4
\@ef@fffopen=\count271
))
(c:/Users/kulasj/AppData/Roaming/TinyTeX/texmf-dist/tex/latex/amsfonts/amssymb.
sty
Package: amssymb 2013/01/14 v3.01 AMS font symbols

(c:/Users/kulasj/AppData/Roaming/TinyTeX/texmf-dist/tex/latex/amsfonts/amsfonts
.sty
Package: amsfonts 2013/01/14 v3.01 Basic AMSFonts support
\@emptytoks=\toks18
\symAMSa=\mathgroup7
\symAMSb=\mathgroup8
LaTeX Font Info:    Redeclaring math symbol \hbar on input line 98.
LaTeX Font Info:    Overwriting math alphabet `\mathfrak' in version `bold'
(Font)                  U/euf/m/n --> U/euf/b/n on input line 106.
))
(c:/Users/kulasj/AppData/Roaming/TinyTeX/texmf-dist/tex/latex/amsmath/amsmath.s
ty
Package: amsmath 2021/04/20 v2.17j AMS math features
\@mathmargin=\skip71
For additional information on amsmath, use the `?' option.

(c:/Users/kulasj/AppData/Roaming/TinyTeX/texmf-dist/tex/latex/amsmath/amstext.s
ty
Package: amstext 2000/06/29 v2.01 AMS text

(c:/Users/kulasj/AppData/Roaming/TinyTeX/texmf-dist/tex/latex/amsmath/amsgen.st
y
File: amsgen.sty 1999/11/30 v2.0 generic functions
\@emptytoks=\toks19
\ex@=\dimen169
))
(c:/Users/kulasj/AppData/Roaming/TinyTeX/texmf-dist/tex/latex/amsmath/amsbsy.st
y
Package: amsbsy 1999/11/29 v1.2d Bold Symbols
LaTeX Info: Redefining \boldsymbol on input line 28.
\pmbraise@=\dimen170
)
(c:/Users/kulasj/AppData/Roaming/TinyTeX/texmf-dist/tex/latex/amsmath/amsopn.st
y
Package: amsopn 2016/03/08 v2.02 operator names
)
\inf@bad=\count272
LaTeX Info: Redefining \frac on input line 234.
\uproot@=\count273
\leftroot@=\count274
LaTeX Info: Redefining \overline on input line 399.
\classnum@=\count275
\DOTSCASE@=\count276
LaTeX Info: Redefining \ldots on input line 496.
LaTeX Info: Redefining \dots on input line 499.
LaTeX Info: Redefining \cdots on input line 620.
\Mathstrutbox@=\box52
\strutbox@=\box53
\big@size=\dimen171
LaTeX Font Info:    Redeclaring font encoding OML on input line 743.
LaTeX Font Info:    Redeclaring font encoding OMS on input line 744.
\macc@depth=\count277
\c@MaxMatrixCols=\count278
\dotsspace@=\muskip16
\c@parentequation=\count279
\dspbrk@lvl=\count280
\tag@help=\toks20
\row@=\count281
\column@=\count282
\maxfields@=\count283
\andhelp@=\toks21
\eqnshift@=\dimen172
\alignsep@=\dimen173
\tagshift@=\dimen174
\tagwidth@=\dimen175
\totwidth@=\dimen176
\lineht@=\dimen177
\@envbody=\toks22
\multlinegap=\skip72
\multlinetaggap=\skip73
\mathdisplay@stack=\toks23
LaTeX Info: Redefining \[ on input line 2923.
LaTeX Info: Redefining \] on input line 2924.
)
(c:/Users/kulasj/AppData/Roaming/TinyTeX/texmf-dist/tex/generic/iftex/ifxetex.s
ty
Package: ifxetex 2019/10/25 v0.7 ifxetex legacy package. Use iftex instead.
)
(c:/Users/kulasj/AppData/Roaming/TinyTeX/texmf-dist/tex/generic/iftex/ifluatex.
sty
Package: ifluatex 2019/10/25 v1.5 ifluatex legacy package. Use iftex instead.
) (c:/Users/kulasj/AppData/Roaming/TinyTeX/texmf-dist/tex/latex/base/fontenc.st
y
Package: fontenc 2021/04/29 v2.0v Standard LaTeX package
)
(c:/Users/kulasj/AppData/Roaming/TinyTeX/texmf-dist/tex/latex/base/inputenc.sty
Package: inputenc 2021/02/14 v1.3d Input encoding file
\inpenc@prehook=\toks24
\inpenc@posthook=\toks25
)
(c:/Users/kulasj/AppData/Roaming/TinyTeX/texmf-dist/tex/latex/base/textcomp.sty
Package: textcomp 2020/02/02 v2.0n Standard LaTeX package
)
(c:/Users/kulasj/AppData/Roaming/TinyTeX/texmf-dist/tex/latex/xcolor/xcolor.sty
Package: xcolor 2016/05/11 v2.12 LaTeX color extensions (UK)

(c:/Users/kulasj/AppData/Roaming/TinyTeX/texmf-dist/tex/latex/graphics-cfg/colo
r.cfg
File: color.cfg 2016/01/02 v1.6 sample color configuration
)
Package xcolor Info: Driver file: pdftex.def on input line 225.
Package xcolor Info: Model `cmy' substituted by `cmy0' on input line 1348.
Package xcolor Info: Model `hsb' substituted by `rgb' on input line 1352.
Package xcolor Info: Model `RGB' extended on input line 1364.
Package xcolor Info: Model `HTML' substituted by `rgb' on input line 1366.
Package xcolor Info: Model `Hsb' substituted by `hsb' on input line 1367.
Package xcolor Info: Model `tHsb' substituted by `hsb' on input line 1368.
Package xcolor Info: Model `HSB' substituted by `hsb' on input line 1369.
Package xcolor Info: Model `Gray' substituted by `gray' on input line 1370.
Package xcolor Info: Model `wave' substituted by `hsb' on input line 1371.
)
(c:/Users/kulasj/AppData/Roaming/TinyTeX/texmf-dist/tex/latex/hyperref/hyperref
.sty
Package: hyperref 2021-06-07 v7.00m Hypertext links for LaTeX

(c:/Users/kulasj/AppData/Roaming/TinyTeX/texmf-dist/tex/generic/ltxcmds/ltxcmds
.sty
Package: ltxcmds 2020-05-10 v1.25 LaTeX kernel commands for general use (HO)
)
(c:/Users/kulasj/AppData/Roaming/TinyTeX/texmf-dist/tex/generic/pdftexcmds/pdft
excmds.sty
Package: pdftexcmds 2020-06-27 v0.33 Utility functions of pdfTeX for LuaTeX (HO
)

(c:/Users/kulasj/AppData/Roaming/TinyTeX/texmf-dist/tex/generic/infwarerr/infwa
rerr.sty
Package: infwarerr 2019/12/03 v1.5 Providing info/warning/error messages (HO)
)
Package pdftexcmds Info: \pdf@primitive is available.
Package pdftexcmds Info: \pdf@ifprimitive is available.
Package pdftexcmds Info: \pdfdraftmode found.
)
(c:/Users/kulasj/AppData/Roaming/TinyTeX/texmf-dist/tex/generic/kvsetkeys/kvset
keys.sty
Package: kvsetkeys 2019/12/15 v1.18 Key value parser (HO)
)
(c:/Users/kulasj/AppData/Roaming/TinyTeX/texmf-dist/tex/generic/kvdefinekeys/kv
definekeys.sty
Package: kvdefinekeys 2019-12-19 v1.6 Define keys (HO)
)
(c:/Users/kulasj/AppData/Roaming/TinyTeX/texmf-dist/tex/generic/pdfescape/pdfes
cape.sty
Package: pdfescape 2019/12/09 v1.15 Implements pdfTeX's escape features (HO)
)
(c:/Users/kulasj/AppData/Roaming/TinyTeX/texmf-dist/tex/latex/hycolor/hycolor.s
ty
Package: hycolor 2020-01-27 v1.10 Color options for hyperref/bookmark (HO)
)
(c:/Users/kulasj/AppData/Roaming/TinyTeX/texmf-dist/tex/latex/letltxmacro/letlt
xmacro.sty
Package: letltxmacro 2019/12/03 v1.6 Let assignment for LaTeX macros (HO)
)
(c:/Users/kulasj/AppData/Roaming/TinyTeX/texmf-dist/tex/latex/auxhook/auxhook.s
ty
Package: auxhook 2019-12-17 v1.6 Hooks for auxiliary files (HO)
)
(c:/Users/kulasj/AppData/Roaming/TinyTeX/texmf-dist/tex/latex/kvoptions/kvoptio
ns.sty
Package: kvoptions 2020-10-07 v3.14 Key value format for package options (HO)
)
\@linkdim=\dimen178
\Hy@linkcounter=\count284
\Hy@pagecounter=\count285

(c:/Users/kulasj/AppData/Roaming/TinyTeX/texmf-dist/tex/latex/hyperref/pd1enc.d
ef
File: pd1enc.def 2021-06-07 v7.00m Hyperref: PDFDocEncoding definition (HO)
Now handling font encoding PD1 ...
... no UTF-8 mapping file for font encoding PD1
)
(c:/Users/kulasj/AppData/Roaming/TinyTeX/texmf-dist/tex/latex/hyperref/hyperref
-langpatches.def
File: hyperref-langpatches.def 2021-06-07 v7.00m Hyperref: patches for babel la
nguages
)
(c:/Users/kulasj/AppData/Roaming/TinyTeX/texmf-dist/tex/generic/intcalc/intcalc
.sty
Package: intcalc 2019/12/15 v1.3 Expandable calculations with integers (HO)
)
(c:/Users/kulasj/AppData/Roaming/TinyTeX/texmf-dist/tex/generic/etexcmds/etexcm
ds.sty
Package: etexcmds 2019/12/15 v1.7 Avoid name clashes with e-TeX commands (HO)
)
\Hy@SavedSpaceFactor=\count286

(c:/Users/kulasj/AppData/Roaming/TinyTeX/texmf-dist/tex/latex/hyperref/puenc.de
f
File: puenc.def 2021-06-07 v7.00m Hyperref: PDF Unicode definition (HO)
Now handling font encoding PU ...
... no UTF-8 mapping file for font encoding PU
)
Package hyperref Info: Option `unicode' set `true' on input line 4073.
Package hyperref Info: Hyper figures OFF on input line 4192.
Package hyperref Info: Link nesting OFF on input line 4197.
Package hyperref Info: Hyper index ON on input line 4200.
Package hyperref Info: Plain pages OFF on input line 4207.
Package hyperref Info: Backreferencing OFF on input line 4212.
Package hyperref Info: Implicit mode ON; LaTeX internals redefined.
Package hyperref Info: Bookmarks ON on input line 4445.
\c@Hy@tempcnt=\count287
(c:/Users/kulasj/AppData/Roaming/TinyTeX/texmf-dist/tex/latex/url/url.sty
\Urlmuskip=\muskip17
Package: url 2013/09/16  ver 3.4  Verb mode for urls, etc.
)
LaTeX Info: Redefining \url on input line 4804.
\XeTeXLinkMargin=\dimen179

(c:/Users/kulasj/AppData/Roaming/TinyTeX/texmf-dist/tex/generic/bitset/bitset.s
ty
Package: bitset 2019/12/09 v1.3 Handle bit-vector datatype (HO)

(c:/Users/kulasj/AppData/Roaming/TinyTeX/texmf-dist/tex/generic/bigintcalc/bigi
ntcalc.sty
Package: bigintcalc 2019/12/15 v1.5 Expandable calculations on big integers (HO
)
))
\Fld@menulength=\count288
\Field@Width=\dimen180
\Fld@charsize=\dimen181
Package hyperref Info: Hyper figures OFF on input line 6076.
Package hyperref Info: Link nesting OFF on input line 6081.
Package hyperref Info: Hyper index ON on input line 6084.
Package hyperref Info: backreferencing OFF on input line 6091.
Package hyperref Info: Link coloring OFF on input line 6096.
Package hyperref Info: Link coloring with OCG OFF on input line 6101.
Package hyperref Info: PDF/A mode OFF on input line 6106.
LaTeX Info: Redefining \ref on input line 6146.
LaTeX Info: Redefining \pageref on input line 6150.

(c:/Users/kulasj/AppData/Roaming/TinyTeX/texmf-dist/tex/latex/base/atbegshi-ltx
.sty
Package: atbegshi-ltx 2021/01/10 v1.0c Emulation of the original atbegshi
package with kernel methods
)
\Hy@abspage=\count289
\c@Item=\count290
\c@Hfootnote=\count291
)
Package hyperref Info: Driver (autodetected): hpdftex.

(c:/Users/kulasj/AppData/Roaming/TinyTeX/texmf-dist/tex/latex/hyperref/hpdftex.
def
File: hpdftex.def 2021-06-07 v7.00m Hyperref driver for pdfTeX

(c:/Users/kulasj/AppData/Roaming/TinyTeX/texmf-dist/tex/latex/base/atveryend-lt
x.sty
Package: atveryend-ltx 2020/08/19 v1.0a Emulation of the original atvery packag
e
with kernel methods
)
\Fld@listcount=\count292
\c@bookmark@seq@number=\count293

(c:/Users/kulasj/AppData/Roaming/TinyTeX/texmf-dist/tex/latex/rerunfilecheck/re
runfilecheck.sty
Package: rerunfilecheck 2019/12/05 v1.9 Rerun checks for auxiliary files (HO)

(c:/Users/kulasj/AppData/Roaming/TinyTeX/texmf-dist/tex/generic/uniquecounter/u
niquecounter.sty
Package: uniquecounter 2019/12/15 v1.4 Provide unlimited unique counter (HO)
)
Package uniquecounter Info: New unique counter `rerunfilecheck' on input line 2
86.
)
\Hy@SectionHShift=\skip74
)
(c:/Users/kulasj/AppData/Roaming/TinyTeX/texmf-dist/tex/latex/grffile/grffile.s
ty
Package: grffile 2019/11/11 v2.1 Extended file name support for graphics (legac
y)
Package grffile Info: This package is an empty stub for compatibility on input 
line 40.
) (c:/Users/kulasj/AppData/Roaming/TinyTeX/texmf-dist/tex/latex/was/upgreek.sty
Package: upgreek 2003/02/12 v2.0 (WaS)
Package upgreek Info: Using Euler Roman for upright Greek on input line 31.
\symugrf@m=\mathgroup9
LaTeX Font Info:    Overwriting symbol font `ugrf@m' in version `bold'
(Font)                  U/eur/m/n --> U/eur/b/n on input line 38.
)
(c:/Users/kulasj/AppData/Roaming/TinyTeX/texmf-dist/tex/latex/tools/longtable.s
ty
Package: longtable 2021-05-07 v4.16 Multi-page Table package (DPC)
\LTleft=\skip75
\LTright=\skip76
\LTpre=\skip77
\LTpost=\skip78
\LTchunksize=\count294
\LTcapwidth=\dimen182
\LT@head=\box54
\LT@firsthead=\box55
\LT@foot=\box56
\LT@lastfoot=\box57
\LT@gbox=\box58
\LT@cols=\count295
\LT@rows=\count296
\c@LT@tables=\count297
\c@LT@chunks=\count298
\LT@p@ftn=\toks26
)
(c:/Users/kulasj/AppData/Roaming/TinyTeX/texmf-dist/tex/latex/graphics/lscape.s
ty
Package: lscape 2020/05/28 v3.02 Landscape Pages (DPC)
)
(c:/Users/kulasj/AppData/Roaming/TinyTeX/texmf-dist/tex/latex/multirow/multirow
.sty
Package: multirow 2021/03/15 v2.8 Span multiple rows of a table
\multirow@colwidth=\skip79
\multirow@cntb=\count299
\multirow@dima=\skip80
\bigstrutjot=\dimen183
)
(c:/Users/kulasj/AppData/Roaming/TinyTeX/texmf-dist/tex/latex/tools/tabularx.st
y
Package: tabularx 2020/01/15 v2.11c `tabularx' package (DPC)
(c:/Users/kulasj/AppData/Roaming/TinyTeX/texmf-dist/tex/latex/tools/array.sty
Package: array 2021/04/20 v2.5e Tabular extension package (FMi)
\col@sep=\dimen184
\ar@mcellbox=\box59
\extrarowheight=\dimen185
\NC@list=\toks27
\extratabsurround=\skip81
\backup@length=\skip82
\ar@cellbox=\box60
)
\TX@col@width=\dimen186
\TX@old@table=\dimen187
\TX@old@col=\dimen188
\TX@target=\dimen189
\TX@delta=\dimen190
\TX@cols=\count300
\TX@ftn=\toks28
)
(c:/Users/kulasj/AppData/Roaming/TinyTeX/texmf-dist/tex/latex/threeparttablex/t
hreeparttablex.sty
Package: threeparttablex 2013/07/23 v0.3 by daleif

(c:/Users/kulasj/AppData/Roaming/TinyTeX/texmf-dist/tex/latex/environ/environ.s
ty
Package: environ 2014/05/04 v0.3 A new way to define environments

(c:/Users/kulasj/AppData/Roaming/TinyTeX/texmf-dist/tex/latex/trimspaces/trimsp
aces.sty
Package: trimspaces 2009/09/17 v1.1 Trim spaces around a token list
))
\TPTL@width=\skip83
)
\longtablewidth=\skip84

(c:/Users/kulasj/AppData/Roaming/TinyTeX/texmf-dist/tex/latex/lineno/lineno.sty
Package: lineno 2005/11/02 line numbers on paragraphs v4.41
\linenopenalty=\count301
\output=\toks29
\linenoprevgraf=\count302
\linenumbersep=\dimen191
\linenumberwidth=\dimen192
\c@linenumber=\count303
\c@pagewiselinenumber=\count304
\c@LN@truepage=\count305
\c@internallinenumber=\count306
\c@internallinenumbers=\count307
\quotelinenumbersep=\dimen193
\bframerule=\dimen194
\bframesep=\dimen195
\bframebox=\box61
LaTeX Info: Redefining \\ on input line 3056.
)
(c:/Users/kulasj/AppData/Roaming/TinyTeX/texmf-dist/tex/latex/csquotes/csquotes
.sty
Package: csquotes 2021-02-22 v5.2l context-sensitive quotations (JAW)
\csq@reset=\count308
\csq@gtype=\count309
\csq@glevel=\count310
\csq@qlevel=\count311
\csq@maxlvl=\count312
\csq@tshold=\count313
\csq@ltx@everypar=\toks30

(c:/Users/kulasj/AppData/Roaming/TinyTeX/texmf-dist/tex/latex/csquotes/csquotes
.def
File: csquotes.def 2021-02-22 v5.2l csquotes generic definitions (JAW)
)
Package csquotes Info: Trying to load configuration file 'csquotes.cfg'...
Package csquotes Info: ... configuration file loaded successfully.

(c:/Users/kulasj/AppData/Roaming/TinyTeX/texmf-dist/tex/latex/csquotes/csquotes
.cfg
File: csquotes.cfg 
))
(c:/Users/kulasj/AppData/Roaming/TinyTeX/texmf-dist/tex/generic/babel/babel.sty
Package: babel 2021/07/22 3.63 The Babel package

(c:/Users/kulasj/AppData/Roaming/TinyTeX/texmf-dist/tex/generic/babel/babel.def
File: babel.def 2021/07/22 3.63 Babel common definitions
\babel@savecnt=\count314
\U@D=\dimen196
\l@unhyphenated=\language3

(c:/Users/kulasj/AppData/Roaming/TinyTeX/texmf-dist/tex/generic/babel/txtbabel.
def)
\bbl@readstream=\read2
)
\bbl@dirlevel=\count315

(c:/Users/kulasj/AppData/Roaming/TinyTeX/texmf-dist/tex/generic/babel-english/e
nglish.ldf
Language: english 2017/06/06 v3.3r English support from the babel system
Package babel Info: Hyphen rules for 'british' set to \l@english
(babel)             (\language0). Reported on input line 82.
Package babel Info: Hyphen rules for 'UKenglish' set to \l@english
(babel)             (\language0). Reported on input line 83.
Package babel Info: Hyphen rules for 'canadian' set to \l@english
(babel)             (\language0). Reported on input line 102.
Package babel Info: Hyphen rules for 'australian' set to \l@english
(babel)             (\language0). Reported on input line 105.
Package babel Info: Hyphen rules for 'newzealand' set to \l@english
(babel)             (\language0). Reported on input line 108.
)
(c:/Users/kulasj/AppData/Roaming/TinyTeX/texmf-dist/tex/generic/babel-english/e
nglish.ldf
Language: english 2017/06/06 v3.3r English support from the babel system
))
Package csquotes Info: Checking for multilingual support...
Package csquotes Info: ... found 'babel' package.
Package csquotes Info: Adjusting default style.
Package csquotes Info: Redefining alias 'default' -> 'english'.

(c:/Users/kulasj/AppData/Roaming/TinyTeX/texmf-dist/tex/latex/l3backend/l3backe
nd-pdftex.def
File: l3backend-pdftex.def 2021-08-04 L3 backend support: PDF output (pdfTeX)
\l__color_backend_stack_int=\count316
\l__pdf_internal_box=\box62
) (./SIOPjdr.aux

LaTeX Warning: Label `tab:study1' multiply defined.


LaTeX Warning: Label `tab:study1' multiply defined.


LaTeX Warning: Label `tab:study1' multiply defined.


LaTeX Warning: Label `tab:study1' multiply defined.


LaTeX Warning: Label `tab:study1' multiply defined.


LaTeX Warning: Label `tab:study1' multiply defined.


LaTeX Warning: Label `tab:study1' multiply defined.

)
\openout1 = `SIOPjdr.aux'.

LaTeX Font Info:    Checking defaults for OML/cmm/m/it on input line 147.
LaTeX Font Info:    ... okay on input line 147.
LaTeX Font Info:    Checking defaults for OMS/cmsy/m/n on input line 147.
LaTeX Font Info:    ... okay on input line 147.
LaTeX Font Info:    Checking defaults for OT1/cmr/m/n on input line 147.
LaTeX Font Info:    ... okay on input line 147.
LaTeX Font Info:    Checking defaults for T1/cmr/m/n on input line 147.
LaTeX Font Info:    ... okay on input line 147.
LaTeX Font Info:    Checking defaults for TS1/cmr/m/n on input line 147.
LaTeX Font Info:    ... okay on input line 147.
LaTeX Font Info:    Checking defaults for OMX/cmex/m/n on input line 147.
LaTeX Font Info:    ... okay on input line 147.
LaTeX Font Info:    Checking defaults for U/cmr/m/n on input line 147.
LaTeX Font Info:    ... okay on input line 147.
LaTeX Font Info:    Checking defaults for PD1/pdf/m/n on input line 147.
LaTeX Font Info:    ... okay on input line 147.
LaTeX Font Info:    Checking defaults for PU/pdf/m/n on input line 147.
LaTeX Font Info:    ... okay on input line 147.
*geometry* driver: auto-detecting
*geometry* detected driver: pdftex
*geometry* verbose mode - [ preamble ] result:
* driver: pdftex
* paper: <default>
* layout: <same size as paper>
* layoutoffset:(h,v)=(0.0pt,0.0pt)
* modes: twoside 
* h-part:(L,W,R)=(72.26999pt, 469.75502pt, 72.26999pt)
* v-part:(T,H,B)=(72.26999pt, 650.43001pt, 72.26999pt)
* \paperwidth=614.295pt
* \paperheight=794.96999pt
* \textwidth=469.75502pt
* \textheight=650.43001pt
* \oddsidemargin=0.0pt
* \evensidemargin=0.0pt
* \topmargin=-37.0pt
* \headheight=15.2pt
* \headsep=25.0pt
* \topskip=12.0pt
* \footskip=30.0pt
* \marginparwidth=95.0pt
* \marginparsep=10.0pt
* \columnsep=10.0pt
* \skip\footins=10.8pt plus 4.0pt minus 2.0pt
* \hoffset=0.0pt
* \voffset=0.0pt
* \mag=1000
* \@twocolumnfalse
* \@twosidetrue
* \@mparswitchtrue
* \@reversemarginfalse
* (1in=72.27pt=25.4mm, 1cm=28.453pt)


(c:/Users/kulasj/AppData/Roaming/TinyTeX/texmf-dist/tex/latex/epstopdf-pkg/epst
opdf-base.sty
Package: epstopdf-base 2020-01-24 v2.11 Base part for package epstopdf

(c:/Users/kulasj/AppData/Roaming/TinyTeX/texmf-dist/tex/latex/grfext/grfext.sty
Package: grfext 2019/12/03 v1.3 Manage graphics extensions (HO)
)
Package epstopdf-base Info: Redefining graphics rule for `.eps' on input line 4
85.
Package grfext Info: Graphics extension search list:
(grfext)             [.pdf,.png,.jpg,.mps,.jpeg,.jbig2,.jb2,.PDF,.PNG,.JPG,.JPE
G,.JBIG2,.JB2,.eps]
(grfext)             \AppendGraphicsExtensions on input line 504.

(c:/Users/kulasj/AppData/Roaming/TinyTeX/texmf-dist/tex/latex/latexconfig/epsto
pdf-sys.cfg
File: epstopdf-sys.cfg 2010/07/13 v1.3 Configuration of (r)epstopdf for TeX Liv
e
))
(c:/Users/kulasj/AppData/Roaming/TinyTeX/texmf-dist/tex/latex/apa6/config/APAam
erican.txt
File: APAamerican.txt 2012/02/23 v1.25 apa6 configuration for American English
)
Package caption Info: Begin \AtBeginDocument code.
Package caption Info: hyperref package is loaded.
Package caption Info: longtable package is loaded.

(c:/Users/kulasj/AppData/Roaming/TinyTeX/texmf-dist/tex/latex/caption/ltcaption
.sty
Package: ltcaption 2020/05/30 v1.4b longtable captions (AR)
)
Package caption Info: End \AtBeginDocument code.
Package hyperref Info: Link coloring OFF on input line 147.

(c:/Users/kulasj/AppData/Roaming/TinyTeX/texmf-dist/tex/latex/hyperref/nameref.
sty
Package: nameref 2021-04-02 v2.47 Cross-referencing by name of section

(c:/Users/kulasj/AppData/Roaming/TinyTeX/texmf-dist/tex/latex/refcount/refcount
.sty
Package: refcount 2019/12/15 v3.6 Data extraction from label references (HO)
)
(c:/Users/kulasj/AppData/Roaming/TinyTeX/texmf-dist/tex/generic/gettitlestring/
gettitlestring.sty
Package: gettitlestring 2019/12/15 v1.6 Cleanup title references (HO)
)
\c@section@level=\count317
)
LaTeX Info: Redefining \ref on input line 147.
LaTeX Info: Redefining \pageref on input line 147.
LaTeX Info: Redefining \nameref on input line 147.
(./SIOPjdr.out) (./SIOPjdr.out)
\@outlinefile=\write5
\openout5 = `SIOPjdr.out'.

LaTeX Font Info:    Trying to load font information for T1+lmss on input line 1
49.
(c:/Users/kulasj/AppData/Roaming/TinyTeX/texmf-dist/tex/latex/lm/t1lmss.fd
File: t1lmss.fd 2015/05/01 v1.6.1 Font defs for Latin Modern
)
LaTeX Font Info:    Trying to load font information for OT1+lmr on input line 1
49.
(c:/Users/kulasj/AppData/Roaming/TinyTeX/texmf-dist/tex/latex/lm/ot1lmr.fd
File: ot1lmr.fd 2015/05/01 v1.6.1 Font defs for Latin Modern
)
LaTeX Font Info:    Trying to load font information for OML+lmm on input line 1
49.
(c:/Users/kulasj/AppData/Roaming/TinyTeX/texmf-dist/tex/latex/lm/omllmm.fd
File: omllmm.fd 2015/05/01 v1.6.1 Font defs for Latin Modern
)
LaTeX Font Info:    Trying to load font information for OMS+lmsy on input line 
149.
(c:/Users/kulasj/AppData/Roaming/TinyTeX/texmf-dist/tex/latex/lm/omslmsy.fd
File: omslmsy.fd 2015/05/01 v1.6.1 Font defs for Latin Modern
)
LaTeX Font Info:    Trying to load font information for OMX+lmex on input line 
149.
(c:/Users/kulasj/AppData/Roaming/TinyTeX/texmf-dist/tex/latex/lm/omxlmex.fd
File: omxlmex.fd 2015/05/01 v1.6.1 Font defs for Latin Modern
)
LaTeX Font Info:    External font `lmex10' loaded for size
(Font)              <12> on input line 149.
LaTeX Font Info:    External font `lmex10' loaded for size
(Font)              <8> on input line 149.
LaTeX Font Info:    External font `lmex10' loaded for size
(Font)              <6> on input line 149.
LaTeX Font Info:    Trying to load font information for U+msa on input line 149
.
(c:/Users/kulasj/AppData/Roaming/TinyTeX/texmf-dist/tex/latex/amsfonts/umsa.fd
File: umsa.fd 2013/01/14 v3.01 AMS symbols A
)
LaTeX Font Info:    Trying to load font information for U+msb on input line 149
.
(c:/Users/kulasj/AppData/Roaming/TinyTeX/texmf-dist/tex/latex/amsfonts/umsb.fd
File: umsb.fd 2013/01/14 v3.01 AMS symbols B
) [1{c:/Users/kulasj/AppData/Roaming/TinyTeX/texmf-var/fonts/map/pdftex/updmap/
pdftex.map}

] [2] [3] [4]
Underfull \vbox (badness 10000) has occurred while \output is active []

[5] [6] [7]
Underfull \vbox (badness 7649) has occurred while \output is active []

[8] [9] [10]
\openout3 = `SIOPjdr.ttt'.

(SIOPjdr.ttt) [11] [12] [13] [14] [15] [16] [17] [18] [19] AED endfloat: Proces
sing end Figures and Tables [20] (./SIOPjdr.ttt
Overfull \hbox (12.01953pt too wide) in paragraph at lines 14--14
[]|\T1/lmr/m/n/12 item117| 
 []


Overfull \hbox (12.01953pt too wide) in paragraph at lines 15--15
[]|\T1/lmr/m/n/12 item116| 
 []


Overfull \hbox (12.01953pt too wide) in paragraph at lines 16--16
[]|\T1/lmr/m/n/12 item115| 
 []


Overfull \hbox (12.01953pt too wide) in paragraph at lines 17--17
[]|\T1/lmr/m/n/12 item114| 
 []


Overfull \hbox (12.01953pt too wide) in paragraph at lines 18--18
[]|\T1/lmr/m/n/12 item113| 
 []


Overfull \hbox (12.01953pt too wide) in paragraph at lines 19--19
[]|\T1/lmr/m/n/12 item112| 
 []


Overfull \hbox (12.01953pt too wide) in paragraph at lines 20--20
[]|\T1/lmr/m/n/12 item111| 
 []


Overfull \hbox (12.01953pt too wide) in paragraph at lines 21--21
[]|\T1/lmr/m/n/12 item110| 
 []


Overfull \hbox (12.01953pt too wide) in paragraph at lines 22--22
[]|\T1/lmr/m/n/12 item109| 
 []


Overfull \hbox (12.01953pt too wide) in paragraph at lines 23--23
[]|\T1/lmr/m/n/12 item108| 
 []

[21



]
Overfull \hbox (6.14455pt too wide) in paragraph at lines 43--43
[]|\T1/lmr/m/n/12 item31| 
 []


Overfull \hbox (6.14455pt too wide) in paragraph at lines 44--44
[]|\T1/lmr/m/n/12 item30| 
 []


Overfull \hbox (6.14455pt too wide) in paragraph at lines 45--45
[]|\T1/lmr/m/n/12 item29| 
 []


Overfull \hbox (6.14455pt too wide) in paragraph at lines 46--46
[]|\T1/lmr/m/n/12 item28| 
 []


Overfull \hbox (6.14455pt too wide) in paragraph at lines 47--47
[]|\T1/lmr/m/n/12 item27| 
 []


Overfull \hbox (6.14455pt too wide) in paragraph at lines 48--48
[]|\T1/lmr/m/n/12 item26| 
 []


Overfull \hbox (6.14455pt too wide) in paragraph at lines 49--49
[]|\T1/lmr/m/n/12 item25| 
 []


Overfull \hbox (6.14455pt too wide) in paragraph at lines 50--50
[]|\T1/lmr/m/n/12 item24| 
 []


Overfull \hbox (6.14455pt too wide) in paragraph at lines 51--51
[]|\T1/lmr/m/n/12 item23| 
 []


Overfull \hbox (6.14455pt too wide) in paragraph at lines 52--52
[]|\T1/lmr/m/n/12 item22| 
 []

[22



]
Overfull \hbox (12.01953pt too wide) in paragraph at lines 72--72
[]|\T1/lmr/m/n/12 item202| 
 []


Overfull \hbox (4.18617pt too wide) in paragraph at lines 72--72
[]|\T1/lmr/m/n/12 134.67| 
 []


Overfull \hbox (12.01953pt too wide) in paragraph at lines 73--73
[]|\T1/lmr/m/n/12 item201| 
 []


Overfull \hbox (4.18617pt too wide) in paragraph at lines 73--73
[]|\T1/lmr/m/n/12 134.00| 
 []


Overfull \hbox (12.01953pt too wide) in paragraph at lines 75--75
[]|\T1/lmr/m/n/12 item200| 
 []


Overfull \hbox (4.18617pt too wide) in paragraph at lines 75--75
[]|\T1/lmr/m/n/12 133.33| 
 []


Overfull \hbox (12.01953pt too wide) in paragraph at lines 76--76
[]|\T1/lmr/m/n/12 item199| 
 []


Overfull \hbox (4.18617pt too wide) in paragraph at lines 76--76
[]|\T1/lmr/m/n/12 132.67| 
 []


Overfull \hbox (12.01953pt too wide) in paragraph at lines 77--77
[]|\T1/lmr/m/n/12 item198| 
 []


Overfull \hbox (4.18617pt too wide) in paragraph at lines 77--77
[]|\T1/lmr/m/n/12 132.00| 
 []


Overfull \hbox (12.01953pt too wide) in paragraph at lines 78--78
[]|\T1/lmr/m/n/12 item197| 
 []


Overfull \hbox (4.18617pt too wide) in paragraph at lines 78--78
[]|\T1/lmr/m/n/12 131.33| 
 []


Overfull \hbox (12.01953pt too wide) in paragraph at lines 79--79
[]|\T1/lmr/m/n/12 item196| 
 []


Overfull \hbox (4.18617pt too wide) in paragraph at lines 79--79
[]|\T1/lmr/m/n/12 130.67| 
 []


Overfull \hbox (12.01953pt too wide) in paragraph at lines 80--80
[]|\T1/lmr/m/n/12 item195| 
 []


Overfull \hbox (4.18617pt too wide) in paragraph at lines 80--80
[]|\T1/lmr/m/n/12 130.00| 
 []


Overfull \hbox (12.01953pt too wide) in paragraph at lines 82--82
[]|\T1/lmr/m/n/12 item194| 
 []


Overfull \hbox (4.18617pt too wide) in paragraph at lines 82--82
[]|\T1/lmr/m/n/12 129.33| 
 []


Overfull \hbox (12.01953pt too wide) in paragraph at lines 84--84
[]|\T1/lmr/m/n/12 item193| 
 []


Overfull \hbox (4.18617pt too wide) in paragraph at lines 84--84
[]|\T1/lmr/m/n/12 128.67| 
 []

[23



]
Overfull \hbox (12.01953pt too wide) in paragraph at lines 104--104
[]|\T1/lmr/m/n/12 item127| 
 []


Overfull \hbox (12.01953pt too wide) in paragraph at lines 106--106
[]|\T1/lmr/m/n/12 item126| 
 []


Overfull \hbox (12.01953pt too wide) in paragraph at lines 108--108
[]|\T1/lmr/m/n/12 item125| 
 []


Overfull \hbox (12.01953pt too wide) in paragraph at lines 109--109
[]|\T1/lmr/m/n/12 item124| 
 []


Overfull \hbox (12.01953pt too wide) in paragraph at lines 110--110
[]|\T1/lmr/m/n/12 item123| 
 []


Overfull \hbox (12.01953pt too wide) in paragraph at lines 112--112
[]|\T1/lmr/m/n/12 item122| 
 []


Overfull \hbox (12.01953pt too wide) in paragraph at lines 113--113
[]|\T1/lmr/m/n/12 item121| 
 []


Overfull \hbox (12.01953pt too wide) in paragraph at lines 115--115
[]|\T1/lmr/m/n/12 item120| 
 []


Overfull \hbox (12.01953pt too wide) in paragraph at lines 116--116
[]|\T1/lmr/m/n/12 item119| 
 []


Overfull \hbox (12.01953pt too wide) in paragraph at lines 117--117
[]|\T1/lmr/m/n/12 item118| 
 []

[24



]
Overfull \hbox (12.01953pt too wide) in paragraph at lines 138--138
[]|\T1/lmr/m/n/12 item287| 
 []


Overfull \hbox (4.18617pt too wide) in paragraph at lines 138--138
[]|\T1/lmr/m/n/12 191.33| 
 []


Overfull \hbox (12.01953pt too wide) in paragraph at lines 139--139
[]|\T1/lmr/m/n/12 item286| 
 []


Overfull \hbox (4.18617pt too wide) in paragraph at lines 139--139
[]|\T1/lmr/m/n/12 190.67| 
 []


Overfull \hbox (12.01953pt too wide) in paragraph at lines 141--141
[]|\T1/lmr/m/n/12 item285| 
 []


Overfull \hbox (4.18617pt too wide) in paragraph at lines 141--141
[]|\T1/lmr/m/n/12 190.00| 
 []


Overfull \hbox (12.01953pt too wide) in paragraph at lines 142--142
[]|\T1/lmr/m/n/12 item284| 
 []


Overfull \hbox (4.18617pt too wide) in paragraph at lines 142--142
[]|\T1/lmr/m/n/12 189.33| 
 []


Overfull \hbox (12.01953pt too wide) in paragraph at lines 143--143
[]|\T1/lmr/m/n/12 item283| 
 []


Overfull \hbox (4.18617pt too wide) in paragraph at lines 143--143
[]|\T1/lmr/m/n/12 188.67| 
 []


Overfull \hbox (12.01953pt too wide) in paragraph at lines 144--144
[]|\T1/lmr/m/n/12 item282| 
 []


Overfull \hbox (4.18617pt too wide) in paragraph at lines 144--144
[]|\T1/lmr/m/n/12 188.00| 
 []


Overfull \hbox (12.01953pt too wide) in paragraph at lines 145--145
[]|\T1/lmr/m/n/12 item281| 
 []


Overfull \hbox (4.18617pt too wide) in paragraph at lines 145--145
[]|\T1/lmr/m/n/12 187.33| 
 []


Overfull \hbox (12.01953pt too wide) in paragraph at lines 146--146
[]|\T1/lmr/m/n/12 item280| 
 []


Overfull \hbox (4.18617pt too wide) in paragraph at lines 146--146
[]|\T1/lmr/m/n/12 186.67| 
 []


Overfull \hbox (12.01953pt too wide) in paragraph at lines 148--148
[]|\T1/lmr/m/n/12 item279| 
 []


Overfull \hbox (4.18617pt too wide) in paragraph at lines 148--148
[]|\T1/lmr/m/n/12 186.00| 
 []


Overfull \hbox (12.01953pt too wide) in paragraph at lines 150--150
[]|\T1/lmr/m/n/12 item278| 
 []


Overfull \hbox (4.18617pt too wide) in paragraph at lines 150--150
[]|\T1/lmr/m/n/12 185.33| 
 []

[25



]
Overfull \hbox (12.01953pt too wide) in paragraph at lines 170--170
[]|\T1/lmr/m/n/12 item212| 
 []


Overfull \hbox (4.18617pt too wide) in paragraph at lines 170--170
[]|\T1/lmr/m/n/12 141.33| 
 []


Overfull \hbox (12.01953pt too wide) in paragraph at lines 172--172
[]|\T1/lmr/m/n/12 item211| 
 []


Overfull \hbox (4.18617pt too wide) in paragraph at lines 172--172
[]|\T1/lmr/m/n/12 140.67| 
 []


Overfull \hbox (12.01953pt too wide) in paragraph at lines 174--174
[]|\T1/lmr/m/n/12 item210| 
 []


Overfull \hbox (4.18617pt too wide) in paragraph at lines 174--174
[]|\T1/lmr/m/n/12 140.00| 
 []


Overfull \hbox (12.01953pt too wide) in paragraph at lines 175--175
[]|\T1/lmr/m/n/12 item209| 
 []


Overfull \hbox (4.18617pt too wide) in paragraph at lines 175--175
[]|\T1/lmr/m/n/12 139.33| 
 []


Overfull \hbox (12.01953pt too wide) in paragraph at lines 176--176
[]|\T1/lmr/m/n/12 item208| 
 []


Overfull \hbox (4.18617pt too wide) in paragraph at lines 176--176
[]|\T1/lmr/m/n/12 138.67| 
 []


Overfull \hbox (12.01953pt too wide) in paragraph at lines 178--178
[]|\T1/lmr/m/n/12 item207| 
 []


Overfull \hbox (4.18617pt too wide) in paragraph at lines 178--178
[]|\T1/lmr/m/n/12 138.00| 
 []


Overfull \hbox (12.01953pt too wide) in paragraph at lines 179--179
[]|\T1/lmr/m/n/12 item206| 
 []


Overfull \hbox (4.18617pt too wide) in paragraph at lines 179--179
[]|\T1/lmr/m/n/12 137.33| 
 []


Overfull \hbox (12.01953pt too wide) in paragraph at lines 181--181
[]|\T1/lmr/m/n/12 item205| 
 []


Overfull \hbox (4.18617pt too wide) in paragraph at lines 181--181
[]|\T1/lmr/m/n/12 136.67| 
 []


Overfull \hbox (12.01953pt too wide) in paragraph at lines 182--182
[]|\T1/lmr/m/n/12 item204| 
 []


Overfull \hbox (4.18617pt too wide) in paragraph at lines 182--182
[]|\T1/lmr/m/n/12 136.00| 
 []


Overfull \hbox (12.01953pt too wide) in paragraph at lines 183--183
[]|\T1/lmr/m/n/12 item203| 
 []


Overfull \hbox (4.18617pt too wide) in paragraph at lines 183--183
[]|\T1/lmr/m/n/12 135.33| 
 []

[26



]
Overfull \hbox (12.01953pt too wide) in paragraph at lines 204--204
[]|\T1/lmr/m/n/12 item372| 
 []


Overfull \hbox (4.18617pt too wide) in paragraph at lines 204--204
[]|\T1/lmr/m/n/12 248.00| 
 []


Overfull \hbox (12.01953pt too wide) in paragraph at lines 205--205
[]|\T1/lmr/m/n/12 item371| 
 []


Overfull \hbox (4.18617pt too wide) in paragraph at lines 205--205
[]|\T1/lmr/m/n/12 247.33| 
 []


Overfull \hbox (12.01953pt too wide) in paragraph at lines 207--207
[]|\T1/lmr/m/n/12 item370| 
 []


Overfull \hbox (4.18617pt too wide) in paragraph at lines 207--207
[]|\T1/lmr/m/n/12 246.67| 
 []


Overfull \hbox (12.01953pt too wide) in paragraph at lines 208--208
[]|\T1/lmr/m/n/12 item369| 
 []


Overfull \hbox (4.18617pt too wide) in paragraph at lines 208--208
[]|\T1/lmr/m/n/12 246.00| 
 []


Overfull \hbox (12.01953pt too wide) in paragraph at lines 209--209
[]|\T1/lmr/m/n/12 item368| 
 []


Overfull \hbox (4.18617pt too wide) in paragraph at lines 209--209
[]|\T1/lmr/m/n/12 245.33| 
 []


Overfull \hbox (12.01953pt too wide) in paragraph at lines 210--210
[]|\T1/lmr/m/n/12 item367| 
 []


Overfull \hbox (4.18617pt too wide) in paragraph at lines 210--210
[]|\T1/lmr/m/n/12 244.67| 
 []


Overfull \hbox (12.01953pt too wide) in paragraph at lines 211--211
[]|\T1/lmr/m/n/12 item366| 
 []


Overfull \hbox (4.18617pt too wide) in paragraph at lines 211--211
[]|\T1/lmr/m/n/12 244.00| 
 []


Overfull \hbox (12.01953pt too wide) in paragraph at lines 212--212
[]|\T1/lmr/m/n/12 item365| 
 []


Overfull \hbox (4.18617pt too wide) in paragraph at lines 212--212
[]|\T1/lmr/m/n/12 243.33| 
 []


Overfull \hbox (12.01953pt too wide) in paragraph at lines 214--214
[]|\T1/lmr/m/n/12 item364| 
 []


Overfull \hbox (4.18617pt too wide) in paragraph at lines 214--214
[]|\T1/lmr/m/n/12 242.67| 
 []


Overfull \hbox (12.01953pt too wide) in paragraph at lines 216--216
[]|\T1/lmr/m/n/12 item363| 
 []


Overfull \hbox (4.18617pt too wide) in paragraph at lines 216--216
[]|\T1/lmr/m/n/12 242.00| 
 []

[27



]
Overfull \hbox (12.01953pt too wide) in paragraph at lines 236--236
[]|\T1/lmr/m/n/12 item297| 
 []


Overfull \hbox (4.18617pt too wide) in paragraph at lines 236--236
[]|\T1/lmr/m/n/12 198.00| 
 []


Overfull \hbox (12.01953pt too wide) in paragraph at lines 238--238
[]|\T1/lmr/m/n/12 item296| 
 []


Overfull \hbox (4.18617pt too wide) in paragraph at lines 238--238
[]|\T1/lmr/m/n/12 197.33| 
 []


Overfull \hbox (12.01953pt too wide) in paragraph at lines 240--240
[]|\T1/lmr/m/n/12 item295| 
 []


Overfull \hbox (4.18617pt too wide) in paragraph at lines 240--240
[]|\T1/lmr/m/n/12 196.67| 
 []


Overfull \hbox (12.01953pt too wide) in paragraph at lines 241--241
[]|\T1/lmr/m/n/12 item294| 
 []


Overfull \hbox (4.18617pt too wide) in paragraph at lines 241--241
[]|\T1/lmr/m/n/12 196.00| 
 []


Overfull \hbox (12.01953pt too wide) in paragraph at lines 242--242
[]|\T1/lmr/m/n/12 item293| 
 []


Overfull \hbox (4.18617pt too wide) in paragraph at lines 242--242
[]|\T1/lmr/m/n/12 195.33| 
 []


Overfull \hbox (12.01953pt too wide) in paragraph at lines 244--244
[]|\T1/lmr/m/n/12 item292| 
 []


Overfull \hbox (4.18617pt too wide) in paragraph at lines 244--244
[]|\T1/lmr/m/n/12 194.67| 
 []


Overfull \hbox (12.01953pt too wide) in paragraph at lines 245--245
[]|\T1/lmr/m/n/12 item291| 
 []


Overfull \hbox (4.18617pt too wide) in paragraph at lines 245--245
[]|\T1/lmr/m/n/12 194.00| 
 []


Overfull \hbox (12.01953pt too wide) in paragraph at lines 247--247
[]|\T1/lmr/m/n/12 item290| 
 []


Overfull \hbox (4.18617pt too wide) in paragraph at lines 247--247
[]|\T1/lmr/m/n/12 193.33| 
 []


Overfull \hbox (12.01953pt too wide) in paragraph at lines 248--248
[]|\T1/lmr/m/n/12 item289| 
 []


Overfull \hbox (4.18617pt too wide) in paragraph at lines 248--248
[]|\T1/lmr/m/n/12 192.67| 
 []


Overfull \hbox (12.01953pt too wide) in paragraph at lines 249--249
[]|\T1/lmr/m/n/12 item288| 
 []


Overfull \hbox (4.18617pt too wide) in paragraph at lines 249--249
[]|\T1/lmr/m/n/12 192.00| 
 []

[28



] [29



]) (./SIOPjdr.aux)

LaTeX Warning: There were multiply-defined labels.

Package rerunfilecheck Info: File `SIOPjdr.out' has not changed.
(rerunfilecheck)             Checksum: 39C043B05B52B976FB8A6B1A7620F73D;4429.
 ) 
Here is how much of TeX's memory you used:
 14851 strings out of 480559
 228406 string characters out of 5901697
 559287 words of memory out of 5000000
 32070 multiletter control sequences out of 15000+600000
 446649 words of font info for 62 fonts, out of 8000000 for 9000
 14 hyphenation exceptions out of 8191
 72i,11n,80p,2246b,585s stack positions out of 5000i,500n,10000p,200000b,80000s
{c:/Users/kulasj/AppData/Roaming/TinyTeX/texmf-dist/fonts/enc/dvips/lm/lm-mat
hit.enc}{c:/Users/kulasj/AppData/Roaming/TinyTeX/texmf-dist/fonts/enc/dvips/lm/
lm-ec.enc}<c:/Users/kulasj/AppData/Roaming/TinyTeX/texmf-dist/fonts/type1/publi
c/lm/lmbx12.pfb><c:/Users/kulasj/AppData/Roaming/TinyTeX/texmf-dist/fonts/type1
/public/lm/lmmi12.pfb><c:/Users/kulasj/AppData/Roaming/TinyTeX/texmf-dist/fonts
/type1/public/lm/lmr12.pfb><c:/Users/kulasj/AppData/Roaming/TinyTeX/texmf-dist/
fonts/type1/public/lm/lmr8.pfb><c:/Users/kulasj/AppData/Roaming/TinyTeX/texmf-d
ist/fonts/type1/public/lm/lmri12.pfb><c:/Users/kulasj/AppData/Roaming/TinyTeX/t
exmf-dist/fonts/type1/public/lm/lmss8.pfb>
Output written on SIOPjdr.pdf (29 pages, 183416 bytes).
PDF statistics:
 385 PDF objects out of 1000 (max. 8388607)
 329 compressed objects within 4 object streams
 127 named destinations out of 1000 (max. 500000)
 209 words of extra memory for PDF output out of 10000 (max. 10000000)

